<?xml version="1.0" encoding="UTF-8"?>
<testsuite xmlns:xsi="http://www.w3.org/2001/XMLSchema-instance" xsi:noNamespaceSchemaLocation="https://maven.apache.org/surefire/maven-surefire-plugin/xsd/surefire-test-report-3.0.xsd" version="3.0" name="com.handle.SwiggyServiceRegistryApplicationTests" time="2.643" tests="1" errors="0" skipped="0" failures="0">
  <properties>
    <property name="java.specification.version" value="18"/>
    <property name="sun.jnu.encoding" value="UTF-8"/>
    <property name="java.class.path" value="/Users/fabricefoko/Documents/Projets_JAVA/microservice-exception-handling/swiggy-service-registry/target/test-classes:/Users/fabricefoko/Documents/Projets_JAVA/microservice-exception-handling/swiggy-service-registry/target/classes:/Users/fabricefoko/.m2/repository/org/springframework/cloud/spring-cloud-starter-netflix-eureka-server/4.0.3/spring-cloud-starter-netflix-eureka-server-4.0.3.jar:/Users/fabricefoko/.m2/repository/org/springframework/cloud/spring-cloud-starter/4.0.4/spring-cloud-starter-4.0.4.jar:/Users/fabricefoko/.m2/repository/org/springframework/cloud/spring-cloud-context/4.0.4/spring-cloud-context-4.0.4.jar:/Users/fabricefoko/.m2/repository/org/springframework/security/spring-security-crypto/6.1.2/spring-security-crypto-6.1.2.jar:/Users/fabricefoko/.m2/repository/org/springframework/cloud/spring-cloud-commons/4.0.4/spring-cloud-commons-4.0.4.jar:/Users/fabricefoko/.m2/repository/org/springframework/security/spring-security-rsa/1.0.12.RELEASE/spring-security-rsa-1.0.12.RELEASE.jar:/Users/fabricefoko/.m2/repository/org/bouncycastle/bcpkix-jdk18on/1.73/bcpkix-jdk18on-1.73.jar:/Users/fabricefoko/.m2/repository/org/bouncycastle/bcprov-jdk18on/1.73/bcprov-jdk18on-1.73.jar:/Users/fabricefoko/.m2/repository/org/bouncycastle/bcutil-jdk18on/1.73/bcutil-jdk18on-1.73.jar:/Users/fabricefoko/.m2/repository/org/springframework/cloud/spring-cloud-netflix-eureka-server/4.0.3/spring-cloud-netflix-eureka-server-4.0.3.jar:/Users/fabricefoko/.m2/repository/org/springframework/boot/spring-boot-starter-web/3.1.2/spring-boot-starter-web-3.1.2.jar:/Users/fabricefoko/.m2/repository/org/springframework/boot/spring-boot-starter-json/3.1.2/spring-boot-starter-json-3.1.2.jar:/Users/fabricefoko/.m2/repository/com/fasterxml/jackson/datatype/jackson-datatype-jdk8/2.15.2/jackson-datatype-jdk8-2.15.2.jar:/Users/fabricefoko/.m2/repository/com/fasterxml/jackson/datatype/jackson-datatype-jsr310/2.15.2/jackson-datatype-jsr310-2.15.2.jar:/Users/fabricefoko/.m2/repository/com/fasterxml/jackson/module/jackson-module-parameter-names/2.15.2/jackson-module-parameter-names-2.15.2.jar:/Users/fabricefoko/.m2/repository/org/springframework/boot/spring-boot-starter-tomcat/3.1.2/spring-boot-starter-tomcat-3.1.2.jar:/Users/fabricefoko/.m2/repository/org/apache/tomcat/embed/tomcat-embed-core/10.1.11/tomcat-embed-core-10.1.11.jar:/Users/fabricefoko/.m2/repository/org/apache/tomcat/embed/tomcat-embed-el/10.1.11/tomcat-embed-el-10.1.11.jar:/Users/fabricefoko/.m2/repository/org/apache/tomcat/embed/tomcat-embed-websocket/10.1.11/tomcat-embed-websocket-10.1.11.jar:/Users/fabricefoko/.m2/repository/org/springframework/spring-web/6.0.11/spring-web-6.0.11.jar:/Users/fabricefoko/.m2/repository/org/springframework/spring-beans/6.0.11/spring-beans-6.0.11.jar:/Users/fabricefoko/.m2/repository/org/springframework/spring-webmvc/6.0.11/spring-webmvc-6.0.11.jar:/Users/fabricefoko/.m2/repository/org/springframework/spring-aop/6.0.11/spring-aop-6.0.11.jar:/Users/fabricefoko/.m2/repository/org/springframework/spring-expression/6.0.11/spring-expression-6.0.11.jar:/Users/fabricefoko/.m2/repository/org/springframework/boot/spring-boot-starter-actuator/3.1.2/spring-boot-starter-actuator-3.1.2.jar:/Users/fabricefoko/.m2/repository/org/springframework/boot/spring-boot-actuator-autoconfigure/3.1.2/spring-boot-actuator-autoconfigure-3.1.2.jar:/Users/fabricefoko/.m2/repository/org/springframework/boot/spring-boot-actuator/3.1.2/spring-boot-actuator-3.1.2.jar:/Users/fabricefoko/.m2/repository/io/micrometer/micrometer-observation/1.11.2/micrometer-observation-1.11.2.jar:/Users/fabricefoko/.m2/repository/io/micrometer/micrometer-commons/1.11.2/micrometer-commons-1.11.2.jar:/Users/fabricefoko/.m2/repository/io/micrometer/micrometer-core/1.11.2/micrometer-core-1.11.2.jar:/Users/fabricefoko/.m2/repository/org/hdrhistogram/HdrHistogram/2.1.12/HdrHistogram-2.1.12.jar:/Users/fabricefoko/.m2/repository/org/latencyutils/LatencyUtils/2.0.3/LatencyUtils-2.0.3.jar:/Users/fabricefoko/.m2/repository/org/springframework/boot/spring-boot-starter-freemarker/3.1.2/spring-boot-starter-freemarker-3.1.2.jar:/Users/fabricefoko/.m2/repository/org/freemarker/freemarker/2.3.32/freemarker-2.3.32.jar:/Users/fabricefoko/.m2/repository/org/springframework/spring-context-support/6.0.11/spring-context-support-6.0.11.jar:/Users/fabricefoko/.m2/repository/org/springframework/cloud/spring-cloud-netflix-eureka-client/4.0.3/spring-cloud-netflix-eureka-client-4.0.3.jar:/Users/fabricefoko/.m2/repository/com/netflix/eureka/eureka-client/2.0.1/eureka-client-2.0.1.jar:/Users/fabricefoko/.m2/repository/com/netflix/netflix-commons/netflix-eventbus/0.3.0/netflix-eventbus-0.3.0.jar:/Users/fabricefoko/.m2/repository/com/netflix/netflix-commons/netflix-infix/0.3.0/netflix-infix-0.3.0.jar:/Users/fabricefoko/.m2/repository/commons-jxpath/commons-jxpath/1.3/commons-jxpath-1.3.jar:/Users/fabricefoko/.m2/repository/joda-time/joda-time/2.3/joda-time-2.3.jar:/Users/fabricefoko/.m2/repository/org/antlr/antlr-runtime/3.4/antlr-runtime-3.4.jar:/Users/fabricefoko/.m2/repository/org/antlr/stringtemplate/3.2.1/stringtemplate-3.2.1.jar:/Users/fabricefoko/.m2/repository/antlr/antlr/2.7.7/antlr-2.7.7.jar:/Users/fabricefoko/.m2/repository/com/google/code/gson/gson/2.10.1/gson-2.10.1.jar:/Users/fabricefoko/.m2/repository/org/apache/commons/commons-math/2.2/commons-math-2.2.jar:/Users/fabricefoko/.m2/repository/com/thoughtworks/xstream/xstream/1.4.19/xstream-1.4.19.jar:/Users/fabricefoko/.m2/repository/io/github/x-stream/mxparser/1.2.2/mxparser-1.2.2.jar:/Users/fabricefoko/.m2/repository/xmlpull/xmlpull/1.1.3.1/xmlpull-1.1.3.1.jar:/Users/fabricefoko/.m2/repository/com/netflix/servo/servo-core/0.12.21/servo-core-0.12.21.jar:/Users/fabricefoko/.m2/repository/com/google/guava/guava/19.0/guava-19.0.jar:/Users/fabricefoko/.m2/repository/org/apache/httpcomponents/httpclient/4.5.3/httpclient-4.5.3.jar:/Users/fabricefoko/.m2/repository/org/apache/httpcomponents/httpcore/4.4.16/httpcore-4.4.16.jar:/Users/fabricefoko/.m2/repository/commons-codec/commons-codec/1.15/commons-codec-1.15.jar:/Users/fabricefoko/.m2/repository/commons-configuration/commons-configuration/1.10/commons-configuration-1.10.jar:/Users/fabricefoko/.m2/repository/commons-lang/commons-lang/2.6/commons-lang-2.6.jar:/Users/fabricefoko/.m2/repository/org/codehaus/jettison/jettison/1.4.0/jettison-1.4.0.jar:/Users/fabricefoko/.m2/repository/org/apache/httpcomponents/client5/httpclient5/5.2.1/httpclient5-5.2.1.jar:/Users/fabricefoko/.m2/repository/org/apache/httpcomponents/core5/httpcore5/5.2.2/httpcore5-5.2.2.jar:/Users/fabricefoko/.m2/repository/org/apache/httpcomponents/core5/httpcore5-h2/5.2.2/httpcore5-h2-5.2.2.jar:/Users/fabricefoko/.m2/repository/com/netflix/eureka/eureka-client-jersey3/2.0.1/eureka-client-jersey3-2.0.1.jar:/Users/fabricefoko/.m2/repository/org/glassfish/jersey/connectors/jersey-apache-connector/3.1.2/jersey-apache-connector-3.1.2.jar:/Users/fabricefoko/.m2/repository/com/netflix/eureka/eureka-core-jersey3/2.0.1/eureka-core-jersey3-2.0.1.jar:/Users/fabricefoko/.m2/repository/com/netflix/eureka/eureka-core/2.0.1/eureka-core-2.0.1.jar:/Users/fabricefoko/.m2/repository/jakarta/servlet/jakarta.servlet-api/6.0.0/jakarta.servlet-api-6.0.0.jar:/Users/fabricefoko/.m2/repository/org/glassfish/jersey/containers/jersey-container-servlet/3.1.2/jersey-container-servlet-3.1.2.jar:/Users/fabricefoko/.m2/repository/org/glassfish/jersey/containers/jersey-container-servlet-core/3.1.2/jersey-container-servlet-core-3.1.2.jar:/Users/fabricefoko/.m2/repository/org/glassfish/jersey/core/jersey-common/3.1.2/jersey-common-3.1.2.jar:/Users/fabricefoko/.m2/repository/org/glassfish/hk2/osgi-resource-locator/1.0.3/osgi-resource-locator-1.0.3.jar:/Users/fabricefoko/.m2/repository/jakarta/ws/rs/jakarta.ws.rs-api/3.1.0/jakarta.ws.rs-api-3.1.0.jar:/Users/fabricefoko/.m2/repository/org/glassfish/jersey/core/jersey-server/3.1.2/jersey-server-3.1.2.jar:/Users/fabricefoko/.m2/repository/jakarta/validation/jakarta.validation-api/3.0.2/jakarta.validation-api-3.0.2.jar:/Users/fabricefoko/.m2/repository/org/glassfish/jersey/core/jersey-client/3.1.2/jersey-client-3.1.2.jar:/Users/fabricefoko/.m2/repository/org/glassfish/jersey/inject/jersey-hk2/3.1.2/jersey-hk2-3.1.2.jar:/Users/fabricefoko/.m2/repository/org/glassfish/hk2/hk2-locator/3.0.4/hk2-locator-3.0.4.jar:/Users/fabricefoko/.m2/repository/org/glassfish/hk2/external/aopalliance-repackaged/3.0.4/aopalliance-repackaged-3.0.4.jar:/Users/fabricefoko/.m2/repository/org/glassfish/hk2/hk2-utils/3.0.4/hk2-utils-3.0.4.jar:/Users/fabricefoko/.m2/repository/org/javassist/javassist/3.29.0-GA/javassist-3.29.0-GA.jar:/Users/fabricefoko/.m2/repository/org/glassfish/hk2/spring-bridge/3.0.3/spring-bridge-3.0.3.jar:/Users/fabricefoko/.m2/repository/org/glassfish/hk2/hk2-api/3.0.3/hk2-api-3.0.3.jar:/Users/fabricefoko/.m2/repository/org/springframework/spring-context/6.0.11/spring-context-6.0.11.jar:/Users/fabricefoko/.m2/repository/jakarta/inject/jakarta.inject-api/2.0.1/jakarta.inject-api-2.0.1.jar:/Users/fabricefoko/.m2/repository/com/fasterxml/jackson/dataformat/jackson-dataformat-xml/2.15.2/jackson-dataformat-xml-2.15.2.jar:/Users/fabricefoko/.m2/repository/com/fasterxml/jackson/core/jackson-core/2.15.2/jackson-core-2.15.2.jar:/Users/fabricefoko/.m2/repository/com/fasterxml/jackson/core/jackson-annotations/2.15.2/jackson-annotations-2.15.2.jar:/Users/fabricefoko/.m2/repository/com/fasterxml/jackson/core/jackson-databind/2.15.2/jackson-databind-2.15.2.jar:/Users/fabricefoko/.m2/repository/org/codehaus/woodstox/stax2-api/4.2.1/stax2-api-4.2.1.jar:/Users/fabricefoko/.m2/repository/com/fasterxml/woodstox/woodstox-core/6.5.1/woodstox-core-6.5.1.jar:/Users/fabricefoko/.m2/repository/org/springframework/cloud/spring-cloud-starter-loadbalancer/4.0.4/spring-cloud-starter-loadbalancer-4.0.4.jar:/Users/fabricefoko/.m2/repository/org/springframework/cloud/spring-cloud-loadbalancer/4.0.4/spring-cloud-loadbalancer-4.0.4.jar:/Users/fabricefoko/.m2/repository/io/projectreactor/reactor-core/3.5.8/reactor-core-3.5.8.jar:/Users/fabricefoko/.m2/repository/org/reactivestreams/reactive-streams/1.0.4/reactive-streams-1.0.4.jar:/Users/fabricefoko/.m2/repository/io/projectreactor/addons/reactor-extra/3.5.1/reactor-extra-3.5.1.jar:/Users/fabricefoko/.m2/repository/org/springframework/boot/spring-boot-starter-cache/3.1.2/spring-boot-starter-cache-3.1.2.jar:/Users/fabricefoko/.m2/repository/com/stoyanr/evictor/1.0.0/evictor-1.0.0.jar:/Users/fabricefoko/.m2/repository/org/glassfish/jaxb/jaxb-runtime/4.0.3/jaxb-runtime-4.0.3.jar:/Users/fabricefoko/.m2/repository/org/glassfish/jaxb/jaxb-core/4.0.3/jaxb-core-4.0.3.jar:/Users/fabricefoko/.m2/repository/org/eclipse/angus/angus-activation/2.0.1/angus-activation-2.0.1.jar:/Users/fabricefoko/.m2/repository/org/glassfish/jaxb/txw2/4.0.3/txw2-4.0.3.jar:/Users/fabricefoko/.m2/repository/com/sun/istack/istack-commons-runtime/4.1.2/istack-commons-runtime-4.1.2.jar:/Users/fabricefoko/.m2/repository/org/springframework/boot/spring-boot-starter-test/3.1.2/spring-boot-starter-test-3.1.2.jar:/Users/fabricefoko/.m2/repository/org/springframework/boot/spring-boot-starter/3.1.2/spring-boot-starter-3.1.2.jar:/Users/fabricefoko/.m2/repository/org/springframework/boot/spring-boot/3.1.2/spring-boot-3.1.2.jar:/Users/fabricefoko/.m2/repository/org/springframework/boot/spring-boot-autoconfigure/3.1.2/spring-boot-autoconfigure-3.1.2.jar:/Users/fabricefoko/.m2/repository/org/springframework/boot/spring-boot-starter-logging/3.1.2/spring-boot-starter-logging-3.1.2.jar:/Users/fabricefoko/.m2/repository/ch/qos/logback/logback-classic/1.4.8/logback-classic-1.4.8.jar:/Users/fabricefoko/.m2/repository/ch/qos/logback/logback-core/1.4.8/logback-core-1.4.8.jar:/Users/fabricefoko/.m2/repository/org/apache/logging/log4j/log4j-to-slf4j/2.20.0/log4j-to-slf4j-2.20.0.jar:/Users/fabricefoko/.m2/repository/org/apache/logging/log4j/log4j-api/2.20.0/log4j-api-2.20.0.jar:/Users/fabricefoko/.m2/repository/org/slf4j/jul-to-slf4j/2.0.7/jul-to-slf4j-2.0.7.jar:/Users/fabricefoko/.m2/repository/jakarta/annotation/jakarta.annotation-api/2.1.1/jakarta.annotation-api-2.1.1.jar:/Users/fabricefoko/.m2/repository/org/yaml/snakeyaml/1.33/snakeyaml-1.33.jar:/Users/fabricefoko/.m2/repository/org/springframework/boot/spring-boot-test/3.1.2/spring-boot-test-3.1.2.jar:/Users/fabricefoko/.m2/repository/org/springframework/boot/spring-boot-test-autoconfigure/3.1.2/spring-boot-test-autoconfigure-3.1.2.jar:/Users/fabricefoko/.m2/repository/com/jayway/jsonpath/json-path/2.8.0/json-path-2.8.0.jar:/Users/fabricefoko/.m2/repository/org/slf4j/slf4j-api/2.0.7/slf4j-api-2.0.7.jar:/Users/fabricefoko/.m2/repository/jakarta/xml/bind/jakarta.xml.bind-api/4.0.0/jakarta.xml.bind-api-4.0.0.jar:/Users/fabricefoko/.m2/repository/jakarta/activation/jakarta.activation-api/2.1.2/jakarta.activation-api-2.1.2.jar:/Users/fabricefoko/.m2/repository/net/minidev/json-smart/2.4.11/json-smart-2.4.11.jar:/Users/fabricefoko/.m2/repository/net/minidev/accessors-smart/2.4.11/accessors-smart-2.4.11.jar:/Users/fabricefoko/.m2/repository/org/ow2/asm/asm/9.3/asm-9.3.jar:/Users/fabricefoko/.m2/repository/org/assertj/assertj-core/3.24.2/assertj-core-3.24.2.jar:/Users/fabricefoko/.m2/repository/net/bytebuddy/byte-buddy/1.14.5/byte-buddy-1.14.5.jar:/Users/fabricefoko/.m2/repository/org/hamcrest/hamcrest/2.2/hamcrest-2.2.jar:/Users/fabricefoko/.m2/repository/org/junit/jupiter/junit-jupiter/5.9.3/junit-jupiter-5.9.3.jar:/Users/fabricefoko/.m2/repository/org/junit/jupiter/junit-jupiter-api/5.9.3/junit-jupiter-api-5.9.3.jar:/Users/fabricefoko/.m2/repository/org/opentest4j/opentest4j/1.2.0/opentest4j-1.2.0.jar:/Users/fabricefoko/.m2/repository/org/junit/platform/junit-platform-commons/1.9.3/junit-platform-commons-1.9.3.jar:/Users/fabricefoko/.m2/repository/org/apiguardian/apiguardian-api/1.1.2/apiguardian-api-1.1.2.jar:/Users/fabricefoko/.m2/repository/org/junit/jupiter/junit-jupiter-params/5.9.3/junit-jupiter-params-5.9.3.jar:/Users/fabricefoko/.m2/repository/org/junit/jupiter/junit-jupiter-engine/5.9.3/junit-jupiter-engine-5.9.3.jar:/Users/fabricefoko/.m2/repository/org/junit/platform/junit-platform-engine/1.9.3/junit-platform-engine-1.9.3.jar:/Users/fabricefoko/.m2/repository/org/mockito/mockito-core/5.3.1/mockito-core-5.3.1.jar:/Users/fabricefoko/.m2/repository/net/bytebuddy/byte-buddy-agent/1.14.5/byte-buddy-agent-1.14.5.jar:/Users/fabricefoko/.m2/repository/org/objenesis/objenesis/3.3/objenesis-3.3.jar:/Users/fabricefoko/.m2/repository/org/mockito/mockito-junit-jupiter/5.3.1/mockito-junit-jupiter-5.3.1.jar:/Users/fabricefoko/.m2/repository/org/skyscreamer/jsonassert/1.5.1/jsonassert-1.5.1.jar:/Users/fabricefoko/.m2/repository/com/vaadin/external/google/android-json/0.0.20131108.vaadin1/android-json-0.0.20131108.vaadin1.jar:/Users/fabricefoko/.m2/repository/org/springframework/spring-core/6.0.11/spring-core-6.0.11.jar:/Users/fabricefoko/.m2/repository/org/springframework/spring-jcl/6.0.11/spring-jcl-6.0.11.jar:/Users/fabricefoko/.m2/repository/org/springframework/spring-test/6.0.11/spring-test-6.0.11.jar:/Users/fabricefoko/.m2/repository/org/xmlunit/xmlunit-core/2.9.1/xmlunit-core-2.9.1.jar:"/>
    <property name="java.vm.vendor" value="Oracle Corporation"/>
    <property name="sun.arch.data.model" value="64"/>
    <property name="java.vendor.url" value="https://java.oracle.com/"/>
    <property name="user.timezone" value="America/Toronto"/>
    <property name="os.name" value="Mac OS X"/>
    <property name="java.vm.specification.version" value="18"/>
    <property name="sun.java.launcher" value="SUN_STANDARD"/>
    <property name="user.country" value="CA"/>
    <property name="sun.boot.library.path" value="/Users/fabricefoko/Library/Java/JavaVirtualMachines/openjdk-18.0.1.1/Contents/Home/lib"/>
    <property name="sun.java.command" value="/Users/fabricefoko/Documents/Projets_JAVA/microservice-exception-handling/swiggy-service-registry/target/surefire/surefirebooter-20231214133711253_3.jar /Users/fabricefoko/Documents/Projets_JAVA/microservice-exception-handling/swiggy-service-registry/target/surefire 2023-12-14T13-37-11_190-jvmRun1 surefire-20231214133711253_1tmp surefire_0-20231214133711253_2tmp"/>
    <property name="http.nonProxyHosts" value="local|*.local|169.254/16|*.169.254/16"/>
    <property name="jdk.debug" value="release"/>
    <property name="surefire.test.class.path" value="/Users/fabricefoko/Documents/Projets_JAVA/microservice-exception-handling/swiggy-service-registry/target/test-classes:/Users/fabricefoko/Documents/Projets_JAVA/microservice-exception-handling/swiggy-service-registry/target/classes:/Users/fabricefoko/.m2/repository/org/springframework/cloud/spring-cloud-starter-netflix-eureka-server/4.0.3/spring-cloud-starter-netflix-eureka-server-4.0.3.jar:/Users/fabricefoko/.m2/repository/org/springframework/cloud/spring-cloud-starter/4.0.4/spring-cloud-starter-4.0.4.jar:/Users/fabricefoko/.m2/repository/org/springframework/cloud/spring-cloud-context/4.0.4/spring-cloud-context-4.0.4.jar:/Users/fabricefoko/.m2/repository/org/springframework/security/spring-security-crypto/6.1.2/spring-security-crypto-6.1.2.jar:/Users/fabricefoko/.m2/repository/org/springframework/cloud/spring-cloud-commons/4.0.4/spring-cloud-commons-4.0.4.jar:/Users/fabricefoko/.m2/repository/org/springframework/security/spring-security-rsa/1.0.12.RELEASE/spring-security-rsa-1.0.12.RELEASE.jar:/Users/fabricefoko/.m2/repository/org/bouncycastle/bcpkix-jdk18on/1.73/bcpkix-jdk18on-1.73.jar:/Users/fabricefoko/.m2/repository/org/bouncycastle/bcprov-jdk18on/1.73/bcprov-jdk18on-1.73.jar:/Users/fabricefoko/.m2/repository/org/bouncycastle/bcutil-jdk18on/1.73/bcutil-jdk18on-1.73.jar:/Users/fabricefoko/.m2/repository/org/springframework/cloud/spring-cloud-netflix-eureka-server/4.0.3/spring-cloud-netflix-eureka-server-4.0.3.jar:/Users/fabricefoko/.m2/repository/org/springframework/boot/spring-boot-starter-web/3.1.2/spring-boot-starter-web-3.1.2.jar:/Users/fabricefoko/.m2/repository/org/springframework/boot/spring-boot-starter-json/3.1.2/spring-boot-starter-json-3.1.2.jar:/Users/fabricefoko/.m2/repository/com/fasterxml/jackson/datatype/jackson-datatype-jdk8/2.15.2/jackson-datatype-jdk8-2.15.2.jar:/Users/fabricefoko/.m2/repository/com/fasterxml/jackson/datatype/jackson-datatype-jsr310/2.15.2/jackson-datatype-jsr310-2.15.2.jar:/Users/fabricefoko/.m2/repository/com/fasterxml/jackson/module/jackson-module-parameter-names/2.15.2/jackson-module-parameter-names-2.15.2.jar:/Users/fabricefoko/.m2/repository/org/springframework/boot/spring-boot-starter-tomcat/3.1.2/spring-boot-starter-tomcat-3.1.2.jar:/Users/fabricefoko/.m2/repository/org/apache/tomcat/embed/tomcat-embed-core/10.1.11/tomcat-embed-core-10.1.11.jar:/Users/fabricefoko/.m2/repository/org/apache/tomcat/embed/tomcat-embed-el/10.1.11/tomcat-embed-el-10.1.11.jar:/Users/fabricefoko/.m2/repository/org/apache/tomcat/embed/tomcat-embed-websocket/10.1.11/tomcat-embed-websocket-10.1.11.jar:/Users/fabricefoko/.m2/repository/org/springframework/spring-web/6.0.11/spring-web-6.0.11.jar:/Users/fabricefoko/.m2/repository/org/springframework/spring-beans/6.0.11/spring-beans-6.0.11.jar:/Users/fabricefoko/.m2/repository/org/springframework/spring-webmvc/6.0.11/spring-webmvc-6.0.11.jar:/Users/fabricefoko/.m2/repository/org/springframework/spring-aop/6.0.11/spring-aop-6.0.11.jar:/Users/fabricefoko/.m2/repository/org/springframework/spring-expression/6.0.11/spring-expression-6.0.11.jar:/Users/fabricefoko/.m2/repository/org/springframework/boot/spring-boot-starter-actuator/3.1.2/spring-boot-starter-actuator-3.1.2.jar:/Users/fabricefoko/.m2/repository/org/springframework/boot/spring-boot-actuator-autoconfigure/3.1.2/spring-boot-actuator-autoconfigure-3.1.2.jar:/Users/fabricefoko/.m2/repository/org/springframework/boot/spring-boot-actuator/3.1.2/spring-boot-actuator-3.1.2.jar:/Users/fabricefoko/.m2/repository/io/micrometer/micrometer-observation/1.11.2/micrometer-observation-1.11.2.jar:/Users/fabricefoko/.m2/repository/io/micrometer/micrometer-commons/1.11.2/micrometer-commons-1.11.2.jar:/Users/fabricefoko/.m2/repository/io/micrometer/micrometer-core/1.11.2/micrometer-core-1.11.2.jar:/Users/fabricefoko/.m2/repository/org/hdrhistogram/HdrHistogram/2.1.12/HdrHistogram-2.1.12.jar:/Users/fabricefoko/.m2/repository/org/latencyutils/LatencyUtils/2.0.3/LatencyUtils-2.0.3.jar:/Users/fabricefoko/.m2/repository/org/springframework/boot/spring-boot-starter-freemarker/3.1.2/spring-boot-starter-freemarker-3.1.2.jar:/Users/fabricefoko/.m2/repository/org/freemarker/freemarker/2.3.32/freemarker-2.3.32.jar:/Users/fabricefoko/.m2/repository/org/springframework/spring-context-support/6.0.11/spring-context-support-6.0.11.jar:/Users/fabricefoko/.m2/repository/org/springframework/cloud/spring-cloud-netflix-eureka-client/4.0.3/spring-cloud-netflix-eureka-client-4.0.3.jar:/Users/fabricefoko/.m2/repository/com/netflix/eureka/eureka-client/2.0.1/eureka-client-2.0.1.jar:/Users/fabricefoko/.m2/repository/com/netflix/netflix-commons/netflix-eventbus/0.3.0/netflix-eventbus-0.3.0.jar:/Users/fabricefoko/.m2/repository/com/netflix/netflix-commons/netflix-infix/0.3.0/netflix-infix-0.3.0.jar:/Users/fabricefoko/.m2/repository/commons-jxpath/commons-jxpath/1.3/commons-jxpath-1.3.jar:/Users/fabricefoko/.m2/repository/joda-time/joda-time/2.3/joda-time-2.3.jar:/Users/fabricefoko/.m2/repository/org/antlr/antlr-runtime/3.4/antlr-runtime-3.4.jar:/Users/fabricefoko/.m2/repository/org/antlr/stringtemplate/3.2.1/stringtemplate-3.2.1.jar:/Users/fabricefoko/.m2/repository/antlr/antlr/2.7.7/antlr-2.7.7.jar:/Users/fabricefoko/.m2/repository/com/google/code/gson/gson/2.10.1/gson-2.10.1.jar:/Users/fabricefoko/.m2/repository/org/apache/commons/commons-math/2.2/commons-math-2.2.jar:/Users/fabricefoko/.m2/repository/com/thoughtworks/xstream/xstream/1.4.19/xstream-1.4.19.jar:/Users/fabricefoko/.m2/repository/io/github/x-stream/mxparser/1.2.2/mxparser-1.2.2.jar:/Users/fabricefoko/.m2/repository/xmlpull/xmlpull/1.1.3.1/xmlpull-1.1.3.1.jar:/Users/fabricefoko/.m2/repository/com/netflix/servo/servo-core/0.12.21/servo-core-0.12.21.jar:/Users/fabricefoko/.m2/repository/com/google/guava/guava/19.0/guava-19.0.jar:/Users/fabricefoko/.m2/repository/org/apache/httpcomponents/httpclient/4.5.3/httpclient-4.5.3.jar:/Users/fabricefoko/.m2/repository/org/apache/httpcomponents/httpcore/4.4.16/httpcore-4.4.16.jar:/Users/fabricefoko/.m2/repository/commons-codec/commons-codec/1.15/commons-codec-1.15.jar:/Users/fabricefoko/.m2/repository/commons-configuration/commons-configuration/1.10/commons-configuration-1.10.jar:/Users/fabricefoko/.m2/repository/commons-lang/commons-lang/2.6/commons-lang-2.6.jar:/Users/fabricefoko/.m2/repository/org/codehaus/jettison/jettison/1.4.0/jettison-1.4.0.jar:/Users/fabricefoko/.m2/repository/org/apache/httpcomponents/client5/httpclient5/5.2.1/httpclient5-5.2.1.jar:/Users/fabricefoko/.m2/repository/org/apache/httpcomponents/core5/httpcore5/5.2.2/httpcore5-5.2.2.jar:/Users/fabricefoko/.m2/repository/org/apache/httpcomponents/core5/httpcore5-h2/5.2.2/httpcore5-h2-5.2.2.jar:/Users/fabricefoko/.m2/repository/com/netflix/eureka/eureka-client-jersey3/2.0.1/eureka-client-jersey3-2.0.1.jar:/Users/fabricefoko/.m2/repository/org/glassfish/jersey/connectors/jersey-apache-connector/3.1.2/jersey-apache-connector-3.1.2.jar:/Users/fabricefoko/.m2/repository/com/netflix/eureka/eureka-core-jersey3/2.0.1/eureka-core-jersey3-2.0.1.jar:/Users/fabricefoko/.m2/repository/com/netflix/eureka/eureka-core/2.0.1/eureka-core-2.0.1.jar:/Users/fabricefoko/.m2/repository/jakarta/servlet/jakarta.servlet-api/6.0.0/jakarta.servlet-api-6.0.0.jar:/Users/fabricefoko/.m2/repository/org/glassfish/jersey/containers/jersey-container-servlet/3.1.2/jersey-container-servlet-3.1.2.jar:/Users/fabricefoko/.m2/repository/org/glassfish/jersey/containers/jersey-container-servlet-core/3.1.2/jersey-container-servlet-core-3.1.2.jar:/Users/fabricefoko/.m2/repository/org/glassfish/jersey/core/jersey-common/3.1.2/jersey-common-3.1.2.jar:/Users/fabricefoko/.m2/repository/org/glassfish/hk2/osgi-resource-locator/1.0.3/osgi-resource-locator-1.0.3.jar:/Users/fabricefoko/.m2/repository/jakarta/ws/rs/jakarta.ws.rs-api/3.1.0/jakarta.ws.rs-api-3.1.0.jar:/Users/fabricefoko/.m2/repository/org/glassfish/jersey/core/jersey-server/3.1.2/jersey-server-3.1.2.jar:/Users/fabricefoko/.m2/repository/jakarta/validation/jakarta.validation-api/3.0.2/jakarta.validation-api-3.0.2.jar:/Users/fabricefoko/.m2/repository/org/glassfish/jersey/core/jersey-client/3.1.2/jersey-client-3.1.2.jar:/Users/fabricefoko/.m2/repository/org/glassfish/jersey/inject/jersey-hk2/3.1.2/jersey-hk2-3.1.2.jar:/Users/fabricefoko/.m2/repository/org/glassfish/hk2/hk2-locator/3.0.4/hk2-locator-3.0.4.jar:/Users/fabricefoko/.m2/repository/org/glassfish/hk2/external/aopalliance-repackaged/3.0.4/aopalliance-repackaged-3.0.4.jar:/Users/fabricefoko/.m2/repository/org/glassfish/hk2/hk2-utils/3.0.4/hk2-utils-3.0.4.jar:/Users/fabricefoko/.m2/repository/org/javassist/javassist/3.29.0-GA/javassist-3.29.0-GA.jar:/Users/fabricefoko/.m2/repository/org/glassfish/hk2/spring-bridge/3.0.3/spring-bridge-3.0.3.jar:/Users/fabricefoko/.m2/repository/org/glassfish/hk2/hk2-api/3.0.3/hk2-api-3.0.3.jar:/Users/fabricefoko/.m2/repository/org/springframework/spring-context/6.0.11/spring-context-6.0.11.jar:/Users/fabricefoko/.m2/repository/jakarta/inject/jakarta.inject-api/2.0.1/jakarta.inject-api-2.0.1.jar:/Users/fabricefoko/.m2/repository/com/fasterxml/jackson/dataformat/jackson-dataformat-xml/2.15.2/jackson-dataformat-xml-2.15.2.jar:/Users/fabricefoko/.m2/repository/com/fasterxml/jackson/core/jackson-core/2.15.2/jackson-core-2.15.2.jar:/Users/fabricefoko/.m2/repository/com/fasterxml/jackson/core/jackson-annotations/2.15.2/jackson-annotations-2.15.2.jar:/Users/fabricefoko/.m2/repository/com/fasterxml/jackson/core/jackson-databind/2.15.2/jackson-databind-2.15.2.jar:/Users/fabricefoko/.m2/repository/org/codehaus/woodstox/stax2-api/4.2.1/stax2-api-4.2.1.jar:/Users/fabricefoko/.m2/repository/com/fasterxml/woodstox/woodstox-core/6.5.1/woodstox-core-6.5.1.jar:/Users/fabricefoko/.m2/repository/org/springframework/cloud/spring-cloud-starter-loadbalancer/4.0.4/spring-cloud-starter-loadbalancer-4.0.4.jar:/Users/fabricefoko/.m2/repository/org/springframework/cloud/spring-cloud-loadbalancer/4.0.4/spring-cloud-loadbalancer-4.0.4.jar:/Users/fabricefoko/.m2/repository/io/projectreactor/reactor-core/3.5.8/reactor-core-3.5.8.jar:/Users/fabricefoko/.m2/repository/org/reactivestreams/reactive-streams/1.0.4/reactive-streams-1.0.4.jar:/Users/fabricefoko/.m2/repository/io/projectreactor/addons/reactor-extra/3.5.1/reactor-extra-3.5.1.jar:/Users/fabricefoko/.m2/repository/org/springframework/boot/spring-boot-starter-cache/3.1.2/spring-boot-starter-cache-3.1.2.jar:/Users/fabricefoko/.m2/repository/com/stoyanr/evictor/1.0.0/evictor-1.0.0.jar:/Users/fabricefoko/.m2/repository/org/glassfish/jaxb/jaxb-runtime/4.0.3/jaxb-runtime-4.0.3.jar:/Users/fabricefoko/.m2/repository/org/glassfish/jaxb/jaxb-core/4.0.3/jaxb-core-4.0.3.jar:/Users/fabricefoko/.m2/repository/org/eclipse/angus/angus-activation/2.0.1/angus-activation-2.0.1.jar:/Users/fabricefoko/.m2/repository/org/glassfish/jaxb/txw2/4.0.3/txw2-4.0.3.jar:/Users/fabricefoko/.m2/repository/com/sun/istack/istack-commons-runtime/4.1.2/istack-commons-runtime-4.1.2.jar:/Users/fabricefoko/.m2/repository/org/springframework/boot/spring-boot-starter-test/3.1.2/spring-boot-starter-test-3.1.2.jar:/Users/fabricefoko/.m2/repository/org/springframework/boot/spring-boot-starter/3.1.2/spring-boot-starter-3.1.2.jar:/Users/fabricefoko/.m2/repository/org/springframework/boot/spring-boot/3.1.2/spring-boot-3.1.2.jar:/Users/fabricefoko/.m2/repository/org/springframework/boot/spring-boot-autoconfigure/3.1.2/spring-boot-autoconfigure-3.1.2.jar:/Users/fabricefoko/.m2/repository/org/springframework/boot/spring-boot-starter-logging/3.1.2/spring-boot-starter-logging-3.1.2.jar:/Users/fabricefoko/.m2/repository/ch/qos/logback/logback-classic/1.4.8/logback-classic-1.4.8.jar:/Users/fabricefoko/.m2/repository/ch/qos/logback/logback-core/1.4.8/logback-core-1.4.8.jar:/Users/fabricefoko/.m2/repository/org/apache/logging/log4j/log4j-to-slf4j/2.20.0/log4j-to-slf4j-2.20.0.jar:/Users/fabricefoko/.m2/repository/org/apache/logging/log4j/log4j-api/2.20.0/log4j-api-2.20.0.jar:/Users/fabricefoko/.m2/repository/org/slf4j/jul-to-slf4j/2.0.7/jul-to-slf4j-2.0.7.jar:/Users/fabricefoko/.m2/repository/jakarta/annotation/jakarta.annotation-api/2.1.1/jakarta.annotation-api-2.1.1.jar:/Users/fabricefoko/.m2/repository/org/yaml/snakeyaml/1.33/snakeyaml-1.33.jar:/Users/fabricefoko/.m2/repository/org/springframework/boot/spring-boot-test/3.1.2/spring-boot-test-3.1.2.jar:/Users/fabricefoko/.m2/repository/org/springframework/boot/spring-boot-test-autoconfigure/3.1.2/spring-boot-test-autoconfigure-3.1.2.jar:/Users/fabricefoko/.m2/repository/com/jayway/jsonpath/json-path/2.8.0/json-path-2.8.0.jar:/Users/fabricefoko/.m2/repository/org/slf4j/slf4j-api/2.0.7/slf4j-api-2.0.7.jar:/Users/fabricefoko/.m2/repository/jakarta/xml/bind/jakarta.xml.bind-api/4.0.0/jakarta.xml.bind-api-4.0.0.jar:/Users/fabricefoko/.m2/repository/jakarta/activation/jakarta.activation-api/2.1.2/jakarta.activation-api-2.1.2.jar:/Users/fabricefoko/.m2/repository/net/minidev/json-smart/2.4.11/json-smart-2.4.11.jar:/Users/fabricefoko/.m2/repository/net/minidev/accessors-smart/2.4.11/accessors-smart-2.4.11.jar:/Users/fabricefoko/.m2/repository/org/ow2/asm/asm/9.3/asm-9.3.jar:/Users/fabricefoko/.m2/repository/org/assertj/assertj-core/3.24.2/assertj-core-3.24.2.jar:/Users/fabricefoko/.m2/repository/net/bytebuddy/byte-buddy/1.14.5/byte-buddy-1.14.5.jar:/Users/fabricefoko/.m2/repository/org/hamcrest/hamcrest/2.2/hamcrest-2.2.jar:/Users/fabricefoko/.m2/repository/org/junit/jupiter/junit-jupiter/5.9.3/junit-jupiter-5.9.3.jar:/Users/fabricefoko/.m2/repository/org/junit/jupiter/junit-jupiter-api/5.9.3/junit-jupiter-api-5.9.3.jar:/Users/fabricefoko/.m2/repository/org/opentest4j/opentest4j/1.2.0/opentest4j-1.2.0.jar:/Users/fabricefoko/.m2/repository/org/junit/platform/junit-platform-commons/1.9.3/junit-platform-commons-1.9.3.jar:/Users/fabricefoko/.m2/repository/org/apiguardian/apiguardian-api/1.1.2/apiguardian-api-1.1.2.jar:/Users/fabricefoko/.m2/repository/org/junit/jupiter/junit-jupiter-params/5.9.3/junit-jupiter-params-5.9.3.jar:/Users/fabricefoko/.m2/repository/org/junit/jupiter/junit-jupiter-engine/5.9.3/junit-jupiter-engine-5.9.3.jar:/Users/fabricefoko/.m2/repository/org/junit/platform/junit-platform-engine/1.9.3/junit-platform-engine-1.9.3.jar:/Users/fabricefoko/.m2/repository/org/mockito/mockito-core/5.3.1/mockito-core-5.3.1.jar:/Users/fabricefoko/.m2/repository/net/bytebuddy/byte-buddy-agent/1.14.5/byte-buddy-agent-1.14.5.jar:/Users/fabricefoko/.m2/repository/org/objenesis/objenesis/3.3/objenesis-3.3.jar:/Users/fabricefoko/.m2/repository/org/mockito/mockito-junit-jupiter/5.3.1/mockito-junit-jupiter-5.3.1.jar:/Users/fabricefoko/.m2/repository/org/skyscreamer/jsonassert/1.5.1/jsonassert-1.5.1.jar:/Users/fabricefoko/.m2/repository/com/vaadin/external/google/android-json/0.0.20131108.vaadin1/android-json-0.0.20131108.vaadin1.jar:/Users/fabricefoko/.m2/repository/org/springframework/spring-core/6.0.11/spring-core-6.0.11.jar:/Users/fabricefoko/.m2/repository/org/springframework/spring-jcl/6.0.11/spring-jcl-6.0.11.jar:/Users/fabricefoko/.m2/repository/org/springframework/spring-test/6.0.11/spring-test-6.0.11.jar:/Users/fabricefoko/.m2/repository/org/xmlunit/xmlunit-core/2.9.1/xmlunit-core-2.9.1.jar:"/>
    <property name="sun.cpu.endian" value="little"/>
    <property name="user.home" value="/Users/fabricefoko"/>
    <property name="user.language" value="en"/>
    <property name="java.specification.vendor" value="Oracle Corporation"/>
    <property name="java.version.date" value="2022-04-22"/>
    <property name="java.home" value="/Users/fabricefoko/Library/Java/JavaVirtualMachines/openjdk-18.0.1.1/Contents/Home"/>
    <property name="file.separator" value="/"/>
    <property name="basedir" value="/Users/fabricefoko/Documents/Projets_JAVA/microservice-exception-handling/swiggy-service-registry"/>
    <property name="java.vm.compressedOopsMode" value="Zero based"/>
    <property name="line.separator" value="&#10;"/>
    <property name="java.vm.specification.vendor" value="Oracle Corporation"/>
    <property name="java.specification.name" value="Java Platform API Specification"/>
    <property name="FILE_LOG_CHARSET" value="UTF-8"/>
    <property name="java.awt.headless" value="true"/>
    <property name="apple.awt.application.name" value="ForkedBooter"/>
    <property name="surefire.real.class.path" value="/Users/fabricefoko/Documents/Projets_JAVA/microservice-exception-handling/swiggy-service-registry/target/surefire/surefirebooter-20231214133711253_3.jar"/>
    <property name="sun.management.compiler" value="HotSpot 64-Bit Tiered Compilers"/>
    <property name="ftp.nonProxyHosts" value="local|*.local|169.254/16|*.169.254/16"/>
    <property name="java.runtime.version" value="18.0.1.1+2-6"/>
    <property name="user.name" value="fabricefoko"/>
    <property name="path.separator" value=":"/>
    <property name="os.version" value="13.5.1"/>
    <property name="java.runtime.name" value="OpenJDK Runtime Environment"/>
    <property name="file.encoding" value="UTF-8"/>
    <property name="java.vm.name" value="OpenJDK 64-Bit Server VM"/>
    <property name="localRepository" value="/Users/fabricefoko/.m2/repository"/>
    <property name="java.vendor.url.bug" value="https://bugreport.java.com/bugreport/"/>
    <property name="java.io.tmpdir" value="/var/folders/kz/dnl_s20n02qd8lhc3g7c5x5w0000gn/T/"/>
    <property name="idea.version" value="2021.3.3"/>
    <property name="java.version" value="18.0.1.1"/>
    <property name="user.dir" value="/Users/fabricefoko/Documents/Projets_JAVA/microservice-exception-handling/swiggy-service-registry"/>
    <property name="os.arch" value="aarch64"/>
    <property name="java.vm.specification.name" value="Java Virtual Machine Specification"/>
    <property name="PID" value="6643"/>
    <property name="CONSOLE_LOG_CHARSET" value="UTF-8"/>
    <property name="native.encoding" value="UTF-8"/>
    <property name="java.library.path" value="/Users/fabricefoko/Library/Java/Extensions:/Library/Java/Extensions:/Network/Library/Java/Extensions:/System/Library/Java/Extensions:/usr/lib/java:."/>
    <property name="java.vm.info" value="mixed mode, sharing"/>
    <property name="java.vendor" value="Oracle Corporation"/>
    <property name="java.vm.version" value="18.0.1.1+2-6"/>
    <property name="sun.io.unicode.encoding" value="UnicodeBig"/>
    <property name="socksNonProxyHosts" value="local|*.local|169.254/16|*.169.254/16"/>
    <property name="java.class.version" value="62.0"/>
  </properties>
  <testcase name="contextLoads" classname="com.handle.SwiggyServiceRegistryApplicationTests" time="0.415">
    <system-out><![CDATA[13:37:11.724 [main] INFO org.springframework.test.context.support.AnnotationConfigContextLoaderUtils -- Could not detect default configuration classes for test class [com.handle.SwiggyServiceRegistryApplicationTests]: SwiggyServiceRegistryApplicationTests does not declare any static, non-private, non-final, nested classes annotated with @Configuration.
13:37:11.769 [main] INFO org.springframework.boot.test.context.SpringBootTestContextBootstrapper -- Found @SpringBootConfiguration com.handle.SwiggyServiceRegistryApplication for test class com.handle.SwiggyServiceRegistryApplicationTests

  .   ____          _            __ _ _
 /\\ / ___'_ __ _ _(_)_ __  __ _ \ \ \ \
( ( )\___ | '_ | '_| | '_ \/ _` | \ \ \ \
 \\/  ___)| |_)| | | | | || (_| |  ) ) ) )
  '  |____| .__|_| |_|_| |_\__, | / / / /
 =========|_|==============|___/=/_/_/_/
 :: Spring Boot ::                (v3.1.2)

2023-12-14T13:37:11.966-05:00  INFO 6643 --- [           main] .h.SwiggyServiceRegistryApplicationTests : Starting SwiggyServiceRegistryApplicationTests using Java 18.0.1.1 with PID 6643 (started by fabricefoko in /Users/fabricefoko/Documents/Projets_JAVA/microservice-exception-handling/swiggy-service-registry)
2023-12-14T13:37:11.966-05:00  INFO 6643 --- [           main] .h.SwiggyServiceRegistryApplicationTests : No active profile set, falling back to 1 default profile: "default"
2023-12-14T13:37:12.408-05:00  INFO 6643 --- [           main] o.s.cloud.context.scope.GenericScope     : BeanFactory id=4e875f25-4e6f-3223-a633-462a476837b9
2023-12-14T13:37:13.072-05:00  WARN 6643 --- [           main] iguration$LoadBalancerCaffeineWarnLogger : Spring Cloud LoadBalancer is currently working with the default cache. While this cache implementation is useful for development and tests, it's recommended to use Caffeine cache in production.You can switch to using Caffeine cache, by adding it and org.springframework.cache.caffeine.CaffeineCacheManager to the classpath.
2023-12-14T13:37:13.166-05:00  INFO 6643 --- [           main] o.s.c.n.eureka.InstanceInfoFactory       : Setting initial instance status as: STARTING
2023-12-14T13:37:13.176-05:00  INFO 6643 --- [           main] com.netflix.discovery.DiscoveryClient    : Initializing Eureka in region us-east-1
2023-12-14T13:37:13.176-05:00  INFO 6643 --- [           main] com.netflix.discovery.DiscoveryClient    : Client configured to neither register nor query for data.
2023-12-14T13:37:13.179-05:00  INFO 6643 --- [           main] com.netflix.discovery.DiscoveryClient    : Discovery Client initialized at timestamp 1702579033178 with initial instances count: 0
2023-12-14T13:37:13.198-05:00  INFO 6643 --- [           main] c.n.eureka.DefaultEurekaServerContext    : Initializing ...
2023-12-14T13:37:13.199-05:00  INFO 6643 --- [           main] c.n.eureka.cluster.PeerEurekaNodes       : Adding new peer nodes [http://localhost:8761/eureka/]
2023-12-14T13:37:13.282-05:00  INFO 6643 --- [           main] c.n.d.provider.DiscoveryJerseyProvider   : Using JSON encoding codec LegacyJacksonJson
2023-12-14T13:37:13.282-05:00  INFO 6643 --- [           main] c.n.d.provider.DiscoveryJerseyProvider   : Using JSON decoding codec LegacyJacksonJson
2023-12-14T13:37:13.282-05:00  INFO 6643 --- [           main] c.n.d.provider.DiscoveryJerseyProvider   : Using XML encoding codec XStreamXml
2023-12-14T13:37:13.282-05:00  INFO 6643 --- [           main] c.n.d.provider.DiscoveryJerseyProvider   : Using XML decoding codec XStreamXml
2023-12-14T13:37:13.778-05:00  INFO 6643 --- [           main] c.n.eureka.cluster.PeerEurekaNodes       : Replica node URL:  http://localhost:8761/eureka/
2023-12-14T13:37:13.782-05:00  INFO 6643 --- [           main] c.n.e.registry.AbstractInstanceRegistry  : Finished initializing remote region registries. All known remote regions: []
2023-12-14T13:37:13.783-05:00  INFO 6643 --- [           main] c.n.eureka.DefaultEurekaServerContext    : Initialized
2023-12-14T13:37:13.841-05:00  INFO 6643 --- [           main] o.s.b.a.e.web.EndpointLinksResolver      : Exposing 1 endpoint(s) beneath base path '/actuator'
2023-12-14T13:37:13.862-05:00  INFO 6643 --- [           main] o.s.c.n.e.s.EurekaServiceRegistry        : Registering application UNKNOWN with eureka with status UP
2023-12-14T13:37:13.868-05:00  INFO 6643 --- [      Thread-10] o.s.c.n.e.server.EurekaServerBootstrap   : isAws returned false
2023-12-14T13:37:13.868-05:00  INFO 6643 --- [      Thread-10] o.s.c.n.e.server.EurekaServerBootstrap   : Initialized server context
2023-12-14T13:37:13.868-05:00  INFO 6643 --- [      Thread-10] c.n.e.r.PeerAwareInstanceRegistryImpl    : Got 1 instances from neighboring DS node
2023-12-14T13:37:13.868-05:00  INFO 6643 --- [      Thread-10] c.n.e.r.PeerAwareInstanceRegistryImpl    : Renew threshold is: 1
2023-12-14T13:37:13.868-05:00  INFO 6643 --- [      Thread-10] c.n.e.r.PeerAwareInstanceRegistryImpl    : Changing status to UP
2023-12-14T13:37:13.871-05:00  INFO 6643 --- [      Thread-10] e.s.EurekaServerInitializerConfiguration : Started Eureka Server
2023-12-14T13:37:13.873-05:00  INFO 6643 --- [           main] .h.SwiggyServiceRegistryApplicationTests : Started SwiggyServiceRegistryApplicationTests in 2.046 seconds (process running for 2.526)
]]></system-out>
  </testcase>
</testsuite>